2024-06-08 22:40:47.878 INFO [restartedMain:c.a.n.c.r.client] [RpcClientFactory] create a new rpc client of c4282e6e-4599-4d95-a182-ffae14d22162_config-0
2024-06-08 22:40:47.912 INFO [restartedMain:c.a.n.c.r.client] [c4282e6e-4599-4d95-a182-ffae14d22162_config-0] RpcClient init label, labels = {module=config, Vipserver-Tag=null, source=sdk, Amory-Tag=null, Location-Tag=null, taskId=0, AppName=unknown}
2024-06-08 22:40:47.913 INFO [restartedMain:c.a.n.c.r.client] [c4282e6e-4599-4d95-a182-ffae14d22162_config-0] Register server push request handler:com.alibaba.nacos.client.config.impl.ClientWorker$ConfigRpcTransportClient$$Lambda$698/0x000001d2db4f9380
2024-06-08 22:40:47.913 INFO [restartedMain:c.a.n.c.r.client] [c4282e6e-4599-4d95-a182-ffae14d22162_config-0] Register server push request handler:com.alibaba.nacos.client.config.impl.ClientWorker$ConfigRpcTransportClient$$Lambda$699/0x000001d2db4f95a0
2024-06-08 22:40:47.914 INFO [restartedMain:c.a.n.c.r.client] [c4282e6e-4599-4d95-a182-ffae14d22162_config-0] Registry connection listener to current client:com.alibaba.nacos.client.config.impl.ClientWorker$ConfigRpcTransportClient$1
2024-06-08 22:40:47.914 INFO [restartedMain:c.a.n.c.r.client] [c4282e6e-4599-4d95-a182-ffae14d22162_config-0] RpcClient init, ServerListFactory = com.alibaba.nacos.client.config.impl.ClientWorker$ConfigRpcTransportClient$2
2024-06-08 22:40:47.918 INFO [restartedMain:c.a.n.c.r.client] [c4282e6e-4599-4d95-a182-ffae14d22162_config-0] Try to connect to server on start up, server: {serverIp = 'localhost', server main port = 8848}
2024-06-08 22:40:48.632 INFO [restartedMain:c.a.n.c.r.client] [c4282e6e-4599-4d95-a182-ffae14d22162_config-0] Success to connect to server [localhost:8848] on start up, connectionId = 1717857648460_127.0.0.1_54283
2024-06-08 22:40:48.632 INFO [com.alibaba.nacos.client.remote.worker:c.a.n.c.r.client] [c4282e6e-4599-4d95-a182-ffae14d22162_config-0] Notify connected event to listeners.
2024-06-08 22:40:48.633 INFO [restartedMain:c.a.n.c.r.client] [c4282e6e-4599-4d95-a182-ffae14d22162_config-0] Register server push request handler:com.alibaba.nacos.common.remote.client.RpcClient$ConnectResetRequestHandler
2024-06-08 22:40:48.633 INFO [restartedMain:c.a.n.c.r.client] [c4282e6e-4599-4d95-a182-ffae14d22162_config-0] Register server push request handler:com.alibaba.nacos.common.remote.client.RpcClient$$Lambda$714/0x000001d2db6734a8
2024-06-08 22:40:54.628 INFO [restartedMain:c.a.n.c.r.client] [RpcClientFactory] create a new rpc client of e552f570-a758-4559-84ab-20f8e7a2a25e
2024-06-08 22:40:54.628 INFO [restartedMain:c.a.n.c.r.client] [e552f570-a758-4559-84ab-20f8e7a2a25e] RpcClient init label, labels = {module=naming, source=sdk}
2024-06-08 22:40:54.629 INFO [restartedMain:c.a.n.c.r.client] [e552f570-a758-4559-84ab-20f8e7a2a25e] RpcClient init, ServerListFactory = com.alibaba.nacos.client.naming.core.ServerListManager
2024-06-08 22:40:54.629 INFO [restartedMain:c.a.n.c.r.client] [e552f570-a758-4559-84ab-20f8e7a2a25e] Registry connection listener to current client:com.alibaba.nacos.client.naming.remote.gprc.redo.NamingGrpcRedoService
2024-06-08 22:40:54.629 INFO [restartedMain:c.a.n.c.r.client] [e552f570-a758-4559-84ab-20f8e7a2a25e] Register server push request handler:com.alibaba.nacos.client.naming.remote.gprc.NamingPushRequestHandler
2024-06-08 22:40:54.630 INFO [restartedMain:c.a.n.c.r.client] [e552f570-a758-4559-84ab-20f8e7a2a25e] Try to connect to server on start up, server: {serverIp = 'localhost', server main port = 8848}
2024-06-08 22:40:54.744 INFO [restartedMain:c.a.n.c.r.client] [e552f570-a758-4559-84ab-20f8e7a2a25e] Success to connect to server [localhost:8848] on start up, connectionId = 1717857654635_127.0.0.1_54284
2024-06-08 22:40:54.744 INFO [restartedMain:c.a.n.c.r.client] [e552f570-a758-4559-84ab-20f8e7a2a25e] Register server push request handler:com.alibaba.nacos.common.remote.client.RpcClient$ConnectResetRequestHandler
2024-06-08 22:40:54.744 INFO [restartedMain:c.a.n.c.r.client] [e552f570-a758-4559-84ab-20f8e7a2a25e] Register server push request handler:com.alibaba.nacos.common.remote.client.RpcClient$$Lambda$714/0x000001d2db6734a8
2024-06-08 22:40:54.744 INFO [com.alibaba.nacos.client.remote.worker:c.a.n.c.r.client] [e552f570-a758-4559-84ab-20f8e7a2a25e] Notify connected event to listeners.
2024-06-08 22:40:54.989 INFO [restartedMain:c.a.n.c.r.client] [RpcClientFactory] create a new rpc client of b9b6902c-4a11-41bc-bbf4-8e5846503a41
2024-06-08 22:40:54.989 INFO [restartedMain:c.a.n.c.r.client] [b9b6902c-4a11-41bc-bbf4-8e5846503a41] RpcClient init label, labels = {module=naming, source=sdk}
2024-06-08 22:40:54.989 INFO [restartedMain:c.a.n.c.r.client] [b9b6902c-4a11-41bc-bbf4-8e5846503a41] RpcClient init, ServerListFactory = com.alibaba.nacos.client.naming.core.ServerListManager
2024-06-08 22:40:54.989 INFO [restartedMain:c.a.n.c.r.client] [b9b6902c-4a11-41bc-bbf4-8e5846503a41] Registry connection listener to current client:com.alibaba.nacos.client.naming.remote.gprc.redo.NamingGrpcRedoService
2024-06-08 22:40:54.989 INFO [restartedMain:c.a.n.c.r.client] [b9b6902c-4a11-41bc-bbf4-8e5846503a41] Register server push request handler:com.alibaba.nacos.client.naming.remote.gprc.NamingPushRequestHandler
2024-06-08 22:40:54.989 INFO [restartedMain:c.a.n.c.r.client] [b9b6902c-4a11-41bc-bbf4-8e5846503a41] Try to connect to server on start up, server: {serverIp = 'localhost', server main port = 8848}
2024-06-08 22:40:55.107 INFO [restartedMain:c.a.n.c.r.client] [b9b6902c-4a11-41bc-bbf4-8e5846503a41] Success to connect to server [localhost:8848] on start up, connectionId = 1717857654995_127.0.0.1_54286
2024-06-08 22:40:55.107 INFO [restartedMain:c.a.n.c.r.client] [b9b6902c-4a11-41bc-bbf4-8e5846503a41] Register server push request handler:com.alibaba.nacos.common.remote.client.RpcClient$ConnectResetRequestHandler
2024-06-08 22:40:55.107 INFO [com.alibaba.nacos.client.remote.worker:c.a.n.c.r.client] [b9b6902c-4a11-41bc-bbf4-8e5846503a41] Notify connected event to listeners.
2024-06-08 22:40:55.107 INFO [restartedMain:c.a.n.c.r.client] [b9b6902c-4a11-41bc-bbf4-8e5846503a41] Register server push request handler:com.alibaba.nacos.common.remote.client.RpcClient$$Lambda$714/0x000001d2db6734a8
2024-06-08 22:40:55.169 INFO [com.alibaba.nacos.client.Worker:c.a.n.c.r.client] [RpcClientFactory] create a new rpc client of f8870532-9ea4-42d1-b7bf-52ecf821a963_config-0
2024-06-08 22:40:55.169 INFO [com.alibaba.nacos.client.Worker:c.a.n.c.r.client] [f8870532-9ea4-42d1-b7bf-52ecf821a963_config-0] RpcClient init label, labels = {module=config, Vipserver-Tag=null, source=sdk, Amory-Tag=null, Location-Tag=null, taskId=0, AppName=unknown}
2024-06-08 22:40:55.169 INFO [com.alibaba.nacos.client.Worker:c.a.n.c.r.client] [f8870532-9ea4-42d1-b7bf-52ecf821a963_config-0] Register server push request handler:com.alibaba.nacos.client.config.impl.ClientWorker$ConfigRpcTransportClient$$Lambda$698/0x000001d2db4f9380
2024-06-08 22:40:55.169 INFO [com.alibaba.nacos.client.Worker:c.a.n.c.r.client] [f8870532-9ea4-42d1-b7bf-52ecf821a963_config-0] Register server push request handler:com.alibaba.nacos.client.config.impl.ClientWorker$ConfigRpcTransportClient$$Lambda$699/0x000001d2db4f95a0
2024-06-08 22:40:55.169 INFO [com.alibaba.nacos.client.Worker:c.a.n.c.r.client] [f8870532-9ea4-42d1-b7bf-52ecf821a963_config-0] Registry connection listener to current client:com.alibaba.nacos.client.config.impl.ClientWorker$ConfigRpcTransportClient$1
2024-06-08 22:40:55.169 INFO [com.alibaba.nacos.client.Worker:c.a.n.c.r.client] [f8870532-9ea4-42d1-b7bf-52ecf821a963_config-0] RpcClient init, ServerListFactory = com.alibaba.nacos.client.config.impl.ClientWorker$ConfigRpcTransportClient$2
2024-06-08 22:40:55.170 INFO [com.alibaba.nacos.client.Worker:c.a.n.c.r.client] [f8870532-9ea4-42d1-b7bf-52ecf821a963_config-0] Try to connect to server on start up, server: {serverIp = 'localhost', server main port = 8848}
2024-06-08 22:40:55.290 INFO [com.alibaba.nacos.client.Worker:c.a.n.c.r.client] [f8870532-9ea4-42d1-b7bf-52ecf821a963_config-0] Success to connect to server [localhost:8848] on start up, connectionId = 1717857655175_127.0.0.1_54287
2024-06-08 22:40:55.290 INFO [com.alibaba.nacos.client.Worker:c.a.n.c.r.client] [f8870532-9ea4-42d1-b7bf-52ecf821a963_config-0] Register server push request handler:com.alibaba.nacos.common.remote.client.RpcClient$ConnectResetRequestHandler
2024-06-08 22:40:55.290 INFO [com.alibaba.nacos.client.remote.worker:c.a.n.c.r.client] [f8870532-9ea4-42d1-b7bf-52ecf821a963_config-0] Notify connected event to listeners.
2024-06-08 22:40:55.290 INFO [com.alibaba.nacos.client.Worker:c.a.n.c.r.client] [f8870532-9ea4-42d1-b7bf-52ecf821a963_config-0] Register server push request handler:com.alibaba.nacos.common.remote.client.RpcClient$$Lambda$714/0x000001d2db6734a8
2024-06-08 22:40:55.384 INFO [nacos-grpc-client-executor-localhost-8:c.a.n.c.r.client] [e552f570-a758-4559-84ab-20f8e7a2a25e] Receive server push request, request = NotifySubscriberRequest, requestId = 8
2024-06-08 22:40:55.384 INFO [nacos-grpc-client-executor-localhost-8:c.a.n.c.r.client] [e552f570-a758-4559-84ab-20f8e7a2a25e] Ack server push request, request = NotifySubscriberRequest, requestId = 8
2024-06-08 22:40:55.389 INFO [nacos-grpc-client-executor-localhost-9:c.a.n.c.r.client] [e552f570-a758-4559-84ab-20f8e7a2a25e] Receive server push request, request = NotifySubscriberRequest, requestId = 9
2024-06-08 22:40:55.389 INFO [nacos-grpc-client-executor-localhost-9:c.a.n.c.r.client] [e552f570-a758-4559-84ab-20f8e7a2a25e] Ack server push request, request = NotifySubscriberRequest, requestId = 9
2024-06-08 22:40:55.820 INFO [nacos-grpc-client-executor-localhost-7:c.a.n.c.r.client] [b9b6902c-4a11-41bc-bbf4-8e5846503a41] Receive server push request, request = NotifySubscriberRequest, requestId = 10
2024-06-08 22:40:55.821 INFO [nacos-grpc-client-executor-localhost-7:c.a.n.c.r.client] [b9b6902c-4a11-41bc-bbf4-8e5846503a41] Ack server push request, request = NotifySubscriberRequest, requestId = 10
2024-06-08 22:40:56.045 INFO [nacos-grpc-client-executor-localhost-19:c.a.n.c.r.client] [e552f570-a758-4559-84ab-20f8e7a2a25e] Receive server push request, request = NotifySubscriberRequest, requestId = 12
2024-06-08 22:40:56.045 INFO [nacos-grpc-client-executor-localhost-8:c.a.n.c.r.client] [b9b6902c-4a11-41bc-bbf4-8e5846503a41] Receive server push request, request = NotifySubscriberRequest, requestId = 11
2024-06-08 22:40:56.045 INFO [nacos-grpc-client-executor-localhost-19:c.a.n.c.r.client] [e552f570-a758-4559-84ab-20f8e7a2a25e] Ack server push request, request = NotifySubscriberRequest, requestId = 12
2024-06-08 22:40:56.045 INFO [nacos-grpc-client-executor-localhost-8:c.a.n.c.r.client] [b9b6902c-4a11-41bc-bbf4-8e5846503a41] Ack server push request, request = NotifySubscriberRequest, requestId = 11
2024-06-08 22:40:56.052 INFO [nacos-grpc-client-executor-localhost-20:c.a.n.c.r.client] [e552f570-a758-4559-84ab-20f8e7a2a25e] Receive server push request, request = NotifySubscriberRequest, requestId = 13
2024-06-08 22:40:56.054 INFO [nacos-grpc-client-executor-localhost-20:c.a.n.c.r.client] [e552f570-a758-4559-84ab-20f8e7a2a25e] Ack server push request, request = NotifySubscriberRequest, requestId = 13
2024-06-08 22:40:56.268 INFO [nacos-grpc-client-executor-localhost-22:c.a.n.c.r.client] [e552f570-a758-4559-84ab-20f8e7a2a25e] Receive server push request, request = NotifySubscriberRequest, requestId = 14
2024-06-08 22:40:56.269 INFO [nacos-grpc-client-executor-localhost-22:c.a.n.c.r.client] [e552f570-a758-4559-84ab-20f8e7a2a25e] Ack server push request, request = NotifySubscriberRequest, requestId = 14
2024-06-08 22:40:56.273 INFO [nacos-grpc-client-executor-localhost-23:c.a.n.c.r.client] [e552f570-a758-4559-84ab-20f8e7a2a25e] Receive server push request, request = NotifySubscriberRequest, requestId = 15
2024-06-08 22:40:56.273 INFO [nacos-grpc-client-executor-localhost-23:c.a.n.c.r.client] [e552f570-a758-4559-84ab-20f8e7a2a25e] Ack server push request, request = NotifySubscriberRequest, requestId = 15
2024-06-08 22:40:56.821 INFO [nacos-grpc-client-executor-localhost-30:c.a.n.c.r.client] [e552f570-a758-4559-84ab-20f8e7a2a25e] Receive server push request, request = NotifySubscriberRequest, requestId = 16
2024-06-08 22:40:56.821 INFO [nacos-grpc-client-executor-localhost-30:c.a.n.c.r.client] [e552f570-a758-4559-84ab-20f8e7a2a25e] Ack server push request, request = NotifySubscriberRequest, requestId = 16
2024-06-08 22:44:15.073 INFO [nacos-grpc-client-executor-localhost-95:c.a.n.c.r.client] [e552f570-a758-4559-84ab-20f8e7a2a25e] Receive server push request, request = NotifySubscriberRequest, requestId = 20
2024-06-08 22:44:15.073 INFO [nacos-grpc-client-executor-localhost-55:c.a.n.c.r.client] [b9b6902c-4a11-41bc-bbf4-8e5846503a41] Receive server push request, request = NotifySubscriberRequest, requestId = 18
2024-06-08 22:44:15.075 INFO [nacos-grpc-client-executor-localhost-55:c.a.n.c.r.client] [b9b6902c-4a11-41bc-bbf4-8e5846503a41] Ack server push request, request = NotifySubscriberRequest, requestId = 18
2024-06-08 22:44:15.075 INFO [nacos-grpc-client-executor-localhost-95:c.a.n.c.r.client] [e552f570-a758-4559-84ab-20f8e7a2a25e] Ack server push request, request = NotifySubscriberRequest, requestId = 20
2024-06-08 22:44:15.076 INFO [nacos-grpc-client-executor-localhost-96:c.a.n.c.r.client] [e552f570-a758-4559-84ab-20f8e7a2a25e] Receive server push request, request = NotifySubscriberRequest, requestId = 21
2024-06-08 22:44:15.078 INFO [nacos-grpc-client-executor-localhost-96:c.a.n.c.r.client] [e552f570-a758-4559-84ab-20f8e7a2a25e] Ack server push request, request = NotifySubscriberRequest, requestId = 21
2024-06-08 22:44:15.079 INFO [nacos-grpc-client-executor-localhost-97:c.a.n.c.r.client] [e552f570-a758-4559-84ab-20f8e7a2a25e] Receive server push request, request = NotifySubscriberRequest, requestId = 23
2024-06-08 22:44:15.081 INFO [nacos-grpc-client-executor-localhost-97:c.a.n.c.r.client] [e552f570-a758-4559-84ab-20f8e7a2a25e] Ack server push request, request = NotifySubscriberRequest, requestId = 23
2024-06-08 22:44:30.517 INFO [nacos-grpc-client-executor-localhost-100:c.a.n.c.r.client] [e552f570-a758-4559-84ab-20f8e7a2a25e] Receive server push request, request = NotifySubscriberRequest, requestId = 26
2024-06-08 22:44:30.519 INFO [nacos-grpc-client-executor-localhost-100:c.a.n.c.r.client] [e552f570-a758-4559-84ab-20f8e7a2a25e] Ack server push request, request = NotifySubscriberRequest, requestId = 26
2024-06-08 22:44:30.846 INFO [nacos-grpc-client-executor-localhost-101:c.a.n.c.r.client] [e552f570-a758-4559-84ab-20f8e7a2a25e] Receive server push request, request = NotifySubscriberRequest, requestId = 30
2024-06-08 22:44:30.846 INFO [nacos-grpc-client-executor-localhost-101:c.a.n.c.r.client] [e552f570-a758-4559-84ab-20f8e7a2a25e] Ack server push request, request = NotifySubscriberRequest, requestId = 30
2024-06-08 22:44:31.065 INFO [nacos-grpc-client-executor-localhost-102:c.a.n.c.r.client] [e552f570-a758-4559-84ab-20f8e7a2a25e] Receive server push request, request = NotifySubscriberRequest, requestId = 35
2024-06-08 22:44:31.065 INFO [nacos-grpc-client-executor-localhost-102:c.a.n.c.r.client] [e552f570-a758-4559-84ab-20f8e7a2a25e] Ack server push request, request = NotifySubscriberRequest, requestId = 35
2024-06-08 22:44:31.286 INFO [nacos-grpc-client-executor-localhost-103:c.a.n.c.r.client] [e552f570-a758-4559-84ab-20f8e7a2a25e] Receive server push request, request = NotifySubscriberRequest, requestId = 40
2024-06-08 22:44:31.286 INFO [nacos-grpc-client-executor-localhost-59:c.a.n.c.r.client] [b9b6902c-4a11-41bc-bbf4-8e5846503a41] Receive server push request, request = NotifySubscriberRequest, requestId = 37
2024-06-08 22:44:31.286 INFO [nacos-grpc-client-executor-localhost-59:c.a.n.c.r.client] [b9b6902c-4a11-41bc-bbf4-8e5846503a41] Ack server push request, request = NotifySubscriberRequest, requestId = 37
2024-06-08 22:44:31.297 INFO [nacos-grpc-client-executor-localhost-103:c.a.n.c.r.client] [e552f570-a758-4559-84ab-20f8e7a2a25e] Ack server push request, request = NotifySubscriberRequest, requestId = 40
2024-06-09 00:23:01.255 INFO [nacos-grpc-client-executor-localhost-1567:c.a.n.c.r.client] [e552f570-a758-4559-84ab-20f8e7a2a25e] Receive server push request, request = ClientDetectionRequest, requestId = 43
2024-06-09 00:23:01.256 INFO [nacos-grpc-client-executor-localhost-1567:c.a.n.c.r.client] [e552f570-a758-4559-84ab-20f8e7a2a25e] Ack server push request, request = ClientDetectionRequest, requestId = 43
2024-06-09 00:23:01.259 INFO [nacos-grpc-client-executor-localhost-1118:c.a.n.c.r.client] [b9b6902c-4a11-41bc-bbf4-8e5846503a41] Receive server push request, request = ClientDetectionRequest, requestId = 42
2024-06-09 00:23:01.259 INFO [nacos-grpc-client-executor-localhost-1118:c.a.n.c.r.client] [b9b6902c-4a11-41bc-bbf4-8e5846503a41] Ack server push request, request = ClientDetectionRequest, requestId = 42
2024-06-09 00:23:01.259 INFO [nacos-grpc-client-executor-localhost-1044:c.a.n.c.r.client] [f8870532-9ea4-42d1-b7bf-52ecf821a963_config-0] Receive server push request, request = ClientDetectionRequest, requestId = 41
2024-06-09 00:23:01.261 INFO [nacos-grpc-client-executor-localhost-1044:c.a.n.c.r.client] [f8870532-9ea4-42d1-b7bf-52ecf821a963_config-0] Ack server push request, request = ClientDetectionRequest, requestId = 41
2024-06-09 01:17:53.231 INFO [DubboShutdownHook:c.a.n.c.r.client] Shutdown rpc client, set status to shutdown
2024-06-09 01:17:53.231 INFO [DubboShutdownHook:c.a.n.c.r.client] Shutdown client event executor java.util.concurrent.ScheduledThreadPoolExecutor@48a68dfd[Running, pool size = 2, active threads = 2, queued tasks = 0, completed tasks = 0]
2024-06-09 01:17:53.231 INFO [DubboShutdownHook:c.a.n.c.r.client] Close current connection 1717857654995_127.0.0.1_54286
2024-06-09 01:17:53.232 INFO [nacos-grpc-client-executor-localhost-1832:c.a.n.c.r.c.g.GrpcClient] [1717857654995_127.0.0.1_54286]Ignore complete event,isRunning:false,isAbandon=false
2024-06-09 01:17:53.237 INFO [DubboShutdownHook:c.a.n.c.r.c.g.GrpcClient] Shutdown grpc executor java.util.concurrent.ThreadPoolExecutor@19283d40[Running, pool size = 3, active threads = 0, queued tasks = 0, completed tasks = 1833]
2024-06-09 02:20:57.331 INFO [restartedMain:c.a.n.c.r.client] [RpcClientFactory] create a new rpc client of 51fa9997-9418-4165-9c5e-6e6228f61c81_config-0
2024-06-09 02:20:57.370 INFO [restartedMain:c.a.n.c.r.client] [51fa9997-9418-4165-9c5e-6e6228f61c81_config-0] RpcClient init label, labels = {module=config, Vipserver-Tag=null, source=sdk, Amory-Tag=null, Location-Tag=null, taskId=0, AppName=unknown}
2024-06-09 02:20:57.370 INFO [restartedMain:c.a.n.c.r.client] [51fa9997-9418-4165-9c5e-6e6228f61c81_config-0] Register server push request handler:com.alibaba.nacos.client.config.impl.ClientWorker$ConfigRpcTransportClient$$Lambda$683/0x000001c41f511380
2024-06-09 02:20:57.370 INFO [restartedMain:c.a.n.c.r.client] [51fa9997-9418-4165-9c5e-6e6228f61c81_config-0] Register server push request handler:com.alibaba.nacos.client.config.impl.ClientWorker$ConfigRpcTransportClient$$Lambda$684/0x000001c41f5115a0
2024-06-09 02:20:57.370 INFO [restartedMain:c.a.n.c.r.client] [51fa9997-9418-4165-9c5e-6e6228f61c81_config-0] Registry connection listener to current client:com.alibaba.nacos.client.config.impl.ClientWorker$ConfigRpcTransportClient$1
2024-06-09 02:20:57.371 INFO [restartedMain:c.a.n.c.r.client] [51fa9997-9418-4165-9c5e-6e6228f61c81_config-0] RpcClient init, ServerListFactory = com.alibaba.nacos.client.config.impl.ClientWorker$ConfigRpcTransportClient$2
2024-06-09 02:20:57.374 INFO [restartedMain:c.a.n.c.r.client] [51fa9997-9418-4165-9c5e-6e6228f61c81_config-0] Try to connect to server on start up, server: {serverIp = 'localhost', server main port = 8848}
2024-06-09 02:20:58.094 INFO [restartedMain:c.a.n.c.r.client] [51fa9997-9418-4165-9c5e-6e6228f61c81_config-0] Success to connect to server [localhost:8848] on start up, connectionId = 1717870857930_127.0.0.1_61964
2024-06-09 02:20:58.094 INFO [com.alibaba.nacos.client.remote.worker:c.a.n.c.r.client] [51fa9997-9418-4165-9c5e-6e6228f61c81_config-0] Notify connected event to listeners.
2024-06-09 02:20:58.094 INFO [restartedMain:c.a.n.c.r.client] [51fa9997-9418-4165-9c5e-6e6228f61c81_config-0] Register server push request handler:com.alibaba.nacos.common.remote.client.RpcClient$ConnectResetRequestHandler
2024-06-09 02:20:58.095 INFO [restartedMain:c.a.n.c.r.client] [51fa9997-9418-4165-9c5e-6e6228f61c81_config-0] Register server push request handler:com.alibaba.nacos.common.remote.client.RpcClient$$Lambda$698/0x000001c41f646788
2024-06-09 02:21:04.212 INFO [restartedMain:c.a.n.c.r.client] [RpcClientFactory] create a new rpc client of c5d6973a-6f22-4518-b0fe-168926b31e3e
2024-06-09 02:21:04.212 INFO [restartedMain:c.a.n.c.r.client] [c5d6973a-6f22-4518-b0fe-168926b31e3e] RpcClient init label, labels = {module=naming, source=sdk}
2024-06-09 02:21:04.213 INFO [restartedMain:c.a.n.c.r.client] [c5d6973a-6f22-4518-b0fe-168926b31e3e] RpcClient init, ServerListFactory = com.alibaba.nacos.client.naming.core.ServerListManager
2024-06-09 02:21:04.213 INFO [restartedMain:c.a.n.c.r.client] [c5d6973a-6f22-4518-b0fe-168926b31e3e] Registry connection listener to current client:com.alibaba.nacos.client.naming.remote.gprc.redo.NamingGrpcRedoService
2024-06-09 02:21:04.214 INFO [restartedMain:c.a.n.c.r.client] [c5d6973a-6f22-4518-b0fe-168926b31e3e] Register server push request handler:com.alibaba.nacos.client.naming.remote.gprc.NamingPushRequestHandler
2024-06-09 02:21:04.214 INFO [restartedMain:c.a.n.c.r.client] [c5d6973a-6f22-4518-b0fe-168926b31e3e] Try to connect to server on start up, server: {serverIp = 'localhost', server main port = 8848}
2024-06-09 02:21:04.341 INFO [restartedMain:c.a.n.c.r.client] [c5d6973a-6f22-4518-b0fe-168926b31e3e] Success to connect to server [localhost:8848] on start up, connectionId = 1717870864221_127.0.0.1_62002
2024-06-09 02:21:04.341 INFO [restartedMain:c.a.n.c.r.client] [c5d6973a-6f22-4518-b0fe-168926b31e3e] Register server push request handler:com.alibaba.nacos.common.remote.client.RpcClient$ConnectResetRequestHandler
2024-06-09 02:21:04.341 INFO [restartedMain:c.a.n.c.r.client] [c5d6973a-6f22-4518-b0fe-168926b31e3e] Register server push request handler:com.alibaba.nacos.common.remote.client.RpcClient$$Lambda$698/0x000001c41f646788
2024-06-09 02:21:04.341 INFO [com.alibaba.nacos.client.remote.worker:c.a.n.c.r.client] [c5d6973a-6f22-4518-b0fe-168926b31e3e] Notify connected event to listeners.
2024-06-09 02:21:04.603 INFO [restartedMain:c.a.n.c.r.client] [RpcClientFactory] create a new rpc client of ed96cfdb-4ee4-4701-93b8-8c2a552ffead
2024-06-09 02:21:04.604 INFO [restartedMain:c.a.n.c.r.client] [ed96cfdb-4ee4-4701-93b8-8c2a552ffead] RpcClient init label, labels = {module=naming, source=sdk}
2024-06-09 02:21:04.604 INFO [restartedMain:c.a.n.c.r.client] [ed96cfdb-4ee4-4701-93b8-8c2a552ffead] RpcClient init, ServerListFactory = com.alibaba.nacos.client.naming.core.ServerListManager
2024-06-09 02:21:04.604 INFO [restartedMain:c.a.n.c.r.client] [ed96cfdb-4ee4-4701-93b8-8c2a552ffead] Registry connection listener to current client:com.alibaba.nacos.client.naming.remote.gprc.redo.NamingGrpcRedoService
2024-06-09 02:21:04.604 INFO [restartedMain:c.a.n.c.r.client] [ed96cfdb-4ee4-4701-93b8-8c2a552ffead] Register server push request handler:com.alibaba.nacos.client.naming.remote.gprc.NamingPushRequestHandler
2024-06-09 02:21:04.604 INFO [restartedMain:c.a.n.c.r.client] [ed96cfdb-4ee4-4701-93b8-8c2a552ffead] Try to connect to server on start up, server: {serverIp = 'localhost', server main port = 8848}
2024-06-09 02:21:04.721 INFO [restartedMain:c.a.n.c.r.client] [ed96cfdb-4ee4-4701-93b8-8c2a552ffead] Success to connect to server [localhost:8848] on start up, connectionId = 1717870864610_127.0.0.1_62005
2024-06-09 02:21:04.721 INFO [restartedMain:c.a.n.c.r.client] [ed96cfdb-4ee4-4701-93b8-8c2a552ffead] Register server push request handler:com.alibaba.nacos.common.remote.client.RpcClient$ConnectResetRequestHandler
2024-06-09 02:21:04.721 INFO [com.alibaba.nacos.client.remote.worker:c.a.n.c.r.client] [ed96cfdb-4ee4-4701-93b8-8c2a552ffead] Notify connected event to listeners.
2024-06-09 02:21:04.721 INFO [restartedMain:c.a.n.c.r.client] [ed96cfdb-4ee4-4701-93b8-8c2a552ffead] Register server push request handler:com.alibaba.nacos.common.remote.client.RpcClient$$Lambda$698/0x000001c41f646788
2024-06-09 02:21:04.776 INFO [com.alibaba.nacos.client.Worker:c.a.n.c.r.client] [RpcClientFactory] create a new rpc client of 70c8066c-88d6-4254-a665-e81803288656_config-0
2024-06-09 02:21:04.776 INFO [com.alibaba.nacos.client.Worker:c.a.n.c.r.client] [70c8066c-88d6-4254-a665-e81803288656_config-0] RpcClient init label, labels = {module=config, Vipserver-Tag=null, source=sdk, Amory-Tag=null, Location-Tag=null, taskId=0, AppName=unknown}
2024-06-09 02:21:04.776 INFO [com.alibaba.nacos.client.Worker:c.a.n.c.r.client] [70c8066c-88d6-4254-a665-e81803288656_config-0] Register server push request handler:com.alibaba.nacos.client.config.impl.ClientWorker$ConfigRpcTransportClient$$Lambda$683/0x000001c41f511380
2024-06-09 02:21:04.776 INFO [com.alibaba.nacos.client.Worker:c.a.n.c.r.client] [70c8066c-88d6-4254-a665-e81803288656_config-0] Register server push request handler:com.alibaba.nacos.client.config.impl.ClientWorker$ConfigRpcTransportClient$$Lambda$684/0x000001c41f5115a0
2024-06-09 02:21:04.776 INFO [com.alibaba.nacos.client.Worker:c.a.n.c.r.client] [70c8066c-88d6-4254-a665-e81803288656_config-0] Registry connection listener to current client:com.alibaba.nacos.client.config.impl.ClientWorker$ConfigRpcTransportClient$1
2024-06-09 02:21:04.776 INFO [com.alibaba.nacos.client.Worker:c.a.n.c.r.client] [70c8066c-88d6-4254-a665-e81803288656_config-0] RpcClient init, ServerListFactory = com.alibaba.nacos.client.config.impl.ClientWorker$ConfigRpcTransportClient$2
2024-06-09 02:21:04.777 INFO [com.alibaba.nacos.client.Worker:c.a.n.c.r.client] [70c8066c-88d6-4254-a665-e81803288656_config-0] Try to connect to server on start up, server: {serverIp = 'localhost', server main port = 8848}
2024-06-09 02:21:04.896 INFO [com.alibaba.nacos.client.Worker:c.a.n.c.r.client] [70c8066c-88d6-4254-a665-e81803288656_config-0] Success to connect to server [localhost:8848] on start up, connectionId = 1717870864783_127.0.0.1_62006
2024-06-09 02:21:04.896 INFO [com.alibaba.nacos.client.Worker:c.a.n.c.r.client] [70c8066c-88d6-4254-a665-e81803288656_config-0] Register server push request handler:com.alibaba.nacos.common.remote.client.RpcClient$ConnectResetRequestHandler
2024-06-09 02:21:04.896 INFO [com.alibaba.nacos.client.remote.worker:c.a.n.c.r.client] [70c8066c-88d6-4254-a665-e81803288656_config-0] Notify connected event to listeners.
2024-06-09 02:21:04.896 INFO [com.alibaba.nacos.client.Worker:c.a.n.c.r.client] [70c8066c-88d6-4254-a665-e81803288656_config-0] Register server push request handler:com.alibaba.nacos.common.remote.client.RpcClient$$Lambda$698/0x000001c41f646788
2024-06-09 02:21:05.014 INFO [nacos-grpc-client-executor-localhost-8:c.a.n.c.r.client] [c5d6973a-6f22-4518-b0fe-168926b31e3e] Receive server push request, request = NotifySubscriberRequest, requestId = 51
2024-06-09 02:21:05.014 INFO [nacos-grpc-client-executor-localhost-8:c.a.n.c.r.client] [c5d6973a-6f22-4518-b0fe-168926b31e3e] Ack server push request, request = NotifySubscriberRequest, requestId = 51
2024-06-09 02:21:05.020 INFO [nacos-grpc-client-executor-localhost-9:c.a.n.c.r.client] [c5d6973a-6f22-4518-b0fe-168926b31e3e] Receive server push request, request = NotifySubscriberRequest, requestId = 52
2024-06-09 02:21:05.020 INFO [nacos-grpc-client-executor-localhost-9:c.a.n.c.r.client] [c5d6973a-6f22-4518-b0fe-168926b31e3e] Ack server push request, request = NotifySubscriberRequest, requestId = 52
2024-06-09 02:21:05.336 INFO [nacos-grpc-client-executor-localhost-7:c.a.n.c.r.client] [ed96cfdb-4ee4-4701-93b8-8c2a552ffead] Receive server push request, request = NotifySubscriberRequest, requestId = 53
2024-06-09 02:21:05.337 INFO [nacos-grpc-client-executor-localhost-7:c.a.n.c.r.client] [ed96cfdb-4ee4-4701-93b8-8c2a552ffead] Ack server push request, request = NotifySubscriberRequest, requestId = 53
2024-06-09 02:21:05.445 INFO [nacos-grpc-client-executor-localhost-8:c.a.n.c.r.client] [ed96cfdb-4ee4-4701-93b8-8c2a552ffead] Receive server push request, request = NotifySubscriberRequest, requestId = 54
2024-06-09 02:21:05.446 INFO [nacos-grpc-client-executor-localhost-8:c.a.n.c.r.client] [ed96cfdb-4ee4-4701-93b8-8c2a552ffead] Ack server push request, request = NotifySubscriberRequest, requestId = 54
2024-06-09 02:21:05.554 INFO [nacos-grpc-client-executor-localhost-15:c.a.n.c.r.client] [c5d6973a-6f22-4518-b0fe-168926b31e3e] Receive server push request, request = NotifySubscriberRequest, requestId = 55
2024-06-09 02:21:05.554 INFO [nacos-grpc-client-executor-localhost-15:c.a.n.c.r.client] [c5d6973a-6f22-4518-b0fe-168926b31e3e] Ack server push request, request = NotifySubscriberRequest, requestId = 55
2024-06-09 02:21:05.559 INFO [nacos-grpc-client-executor-localhost-16:c.a.n.c.r.client] [c5d6973a-6f22-4518-b0fe-168926b31e3e] Receive server push request, request = NotifySubscriberRequest, requestId = 56
2024-06-09 02:21:05.561 INFO [nacos-grpc-client-executor-localhost-16:c.a.n.c.r.client] [c5d6973a-6f22-4518-b0fe-168926b31e3e] Ack server push request, request = NotifySubscriberRequest, requestId = 56
2024-06-09 02:21:05.771 INFO [nacos-grpc-client-executor-localhost-18:c.a.n.c.r.client] [c5d6973a-6f22-4518-b0fe-168926b31e3e] Receive server push request, request = NotifySubscriberRequest, requestId = 57
2024-06-09 02:21:05.771 INFO [nacos-grpc-client-executor-localhost-18:c.a.n.c.r.client] [c5d6973a-6f22-4518-b0fe-168926b31e3e] Ack server push request, request = NotifySubscriberRequest, requestId = 57
2024-06-09 02:21:05.776 INFO [nacos-grpc-client-executor-localhost-19:c.a.n.c.r.client] [c5d6973a-6f22-4518-b0fe-168926b31e3e] Receive server push request, request = NotifySubscriberRequest, requestId = 58
2024-06-09 02:21:05.776 INFO [nacos-grpc-client-executor-localhost-19:c.a.n.c.r.client] [c5d6973a-6f22-4518-b0fe-168926b31e3e] Ack server push request, request = NotifySubscriberRequest, requestId = 58
2024-06-09 02:21:06.208 INFO [nacos-grpc-client-executor-localhost-24:c.a.n.c.r.client] [c5d6973a-6f22-4518-b0fe-168926b31e3e] Receive server push request, request = NotifySubscriberRequest, requestId = 59
2024-06-09 02:21:06.208 INFO [nacos-grpc-client-executor-localhost-24:c.a.n.c.r.client] [c5d6973a-6f22-4518-b0fe-168926b31e3e] Ack server push request, request = NotifySubscriberRequest, requestId = 59
2024-06-09 02:21:44.633 INFO [nacos-grpc-client-executor-localhost-18:c.a.n.c.r.client] [ed96cfdb-4ee4-4701-93b8-8c2a552ffead] Receive server push request, request = NotifySubscriberRequest, requestId = 60
2024-06-09 02:21:44.633 INFO [nacos-grpc-client-executor-localhost-44:c.a.n.c.r.client] [c5d6973a-6f22-4518-b0fe-168926b31e3e] Receive server push request, request = NotifySubscriberRequest, requestId = 63
2024-06-09 02:21:44.635 INFO [nacos-grpc-client-executor-localhost-18:c.a.n.c.r.client] [ed96cfdb-4ee4-4701-93b8-8c2a552ffead] Ack server push request, request = NotifySubscriberRequest, requestId = 60
2024-06-09 02:21:44.635 INFO [nacos-grpc-client-executor-localhost-44:c.a.n.c.r.client] [c5d6973a-6f22-4518-b0fe-168926b31e3e] Ack server push request, request = NotifySubscriberRequest, requestId = 63
2024-06-09 02:21:44.637 INFO [nacos-grpc-client-executor-localhost-45:c.a.n.c.r.client] [c5d6973a-6f22-4518-b0fe-168926b31e3e] Receive server push request, request = NotifySubscriberRequest, requestId = 64
2024-06-09 02:21:44.638 INFO [nacos-grpc-client-executor-localhost-45:c.a.n.c.r.client] [c5d6973a-6f22-4518-b0fe-168926b31e3e] Ack server push request, request = NotifySubscriberRequest, requestId = 64
2024-06-09 02:21:44.639 INFO [nacos-grpc-client-executor-localhost-46:c.a.n.c.r.client] [c5d6973a-6f22-4518-b0fe-168926b31e3e] Receive server push request, request = NotifySubscriberRequest, requestId = 66
2024-06-09 02:21:44.641 INFO [nacos-grpc-client-executor-localhost-46:c.a.n.c.r.client] [c5d6973a-6f22-4518-b0fe-168926b31e3e] Ack server push request, request = NotifySubscriberRequest, requestId = 66
2024-06-09 02:21:56.684 INFO [DubboShutdownHook:c.a.n.c.r.client] Shutdown rpc client, set status to shutdown
2024-06-09 02:21:56.684 INFO [DubboShutdownHook:c.a.n.c.r.client] Shutdown client event executor java.util.concurrent.ScheduledThreadPoolExecutor@213fa43d[Running, pool size = 2, active threads = 2, queued tasks = 0, completed tasks = 0]
2024-06-09 02:21:56.684 INFO [DubboShutdownHook:c.a.n.c.r.client] Close current connection 1717870864610_127.0.0.1_62005
2024-06-09 02:21:56.685 INFO [nacos-grpc-client-executor-localhost-21:c.a.n.c.r.c.g.GrpcClient] [1717870864610_127.0.0.1_62005]Ignore complete event,isRunning:false,isAbandon=false
2024-06-09 02:21:56.687 INFO [DubboShutdownHook:c.a.n.c.r.c.g.GrpcClient] Shutdown grpc executor java.util.concurrent.ThreadPoolExecutor@7c80b704[Running, pool size = 3, active threads = 0, queued tasks = 0, completed tasks = 22]
